<?xml version="1.0" encoding="UTF-8"?>
<!-- Generated by org.testng.reporters.JUnitReportReporter -->
<testsuite skipped="0" hostname="SAI-PC" name="com.testpackage.ExpectedExceptions" tests="1" failures="0" timestamp="16 Nov 2018 16:25:50 GMT" time="0.008" errors="0">
  <testcase name="exceptionHandler" time="0.008" classname="com.testpackage.ExpectedExceptions"/>
</testsuite> <!-- com.testpackage.ExpectedExceptions -->
