<?xml version="1.0" encoding="UTF-8"?>
<!-- Generated by org.testng.reporters.JUnitReportReporter -->
<testsuite skipped="0" hostname="SAI-PC" name="com.testpackage.TestNgBasics" tests="3" failures="0" timestamp="16 Nov 2018 16:25:50 GMT" time="0.011" errors="0">
  <testcase name="googleLogoTest" time="0.004" classname="com.testpackage.TestNgBasics"/>
  <testcase name="searchTest" time="0.006" classname="com.testpackage.TestNgBasics"/>
  <testcase name="googleTitleTest" time="0.001" classname="com.testpackage.TestNgBasics"/>
</testsuite> <!-- com.testpackage.TestNgBasics -->
