<?xml version="1.0" encoding="UTF-8"?>
<!-- Generated by org.testng.reporters.JUnitReportReporter -->
<testsuite skipped="0" hostname="SAI-PC" name="com.testpackage.GoogleTitleTest" tests="2" failures="0" timestamp="16 Nov 2018 16:25:50 GMT" time="25.830" errors="0">
  <testcase name="googleLogoTest" time="11.336" classname="com.testpackage.GoogleTitleTest"/>
  <testcase name="googleTitleTest" time="14.494" classname="com.testpackage.GoogleTitleTest"/>
</testsuite> <!-- com.testpackage.GoogleTitleTest -->
