<?xml version="1.0" encoding="UTF-8"?>
<!-- Generated by org.testng.reporters.JUnitReportReporter -->
<testsuite skipped="0" hostname="SAI-PC" name="com.testpackage.InvocationCountTest" tests="10" failures="0" timestamp="16 Nov 2018 16:25:50 GMT" time="0.015" errors="0">
  <testcase name="sum" time="0.001" classname="com.testpackage.InvocationCountTest"/>
  <testcase name="sum" time="0.002" classname="com.testpackage.InvocationCountTest"/>
  <testcase name="sum" time="0.002" classname="com.testpackage.InvocationCountTest"/>
  <testcase name="sum" time="0.001" classname="com.testpackage.InvocationCountTest"/>
  <testcase name="sum" time="0.000" classname="com.testpackage.InvocationCountTest"/>
  <testcase name="sum" time="0.002" classname="com.testpackage.InvocationCountTest"/>
  <testcase name="sum" time="0.001" classname="com.testpackage.InvocationCountTest"/>
  <testcase name="sum" time="0.004" classname="com.testpackage.InvocationCountTest"/>
  <testcase name="sum" time="0.001" classname="com.testpackage.InvocationCountTest"/>
  <testcase name="sum" time="0.001" classname="com.testpackage.InvocationCountTest"/>
</testsuite> <!-- com.testpackage.InvocationCountTest -->
