<?xml version="1.0" encoding="UTF-8"?>
<!-- Generated by org.testng.reporters.JUnitReportReporter -->
<testsuite skipped="0" hostname="SAI-PC" name="com.testpackage.TestNgFeatures" tests="4" failures="0" timestamp="16 Nov 2018 16:25:50 GMT" time="0.006" errors="0">
  <testcase name="HomePageTest" time="0.001" classname="com.testpackage.TestNgFeatures"/>
  <testcase name="RegPageTest" time="0.002" classname="com.testpackage.TestNgFeatures"/>
  <testcase name="SearchPageTest" time="0.001" classname="com.testpackage.TestNgFeatures"/>
  <testcase name="loginTest" time="0.002" classname="com.testpackage.TestNgFeatures"/>
</testsuite> <!-- com.testpackage.TestNgFeatures -->
